### 22.12.2020 14:28:26
Array
(
)



### 22.12.2020 14:28:34
Array
(
    [name] => admin
)



### 22.12.2020 14:28:36
Array
(
    [name] => admin
)



### 22.12.2020 14:28:37
Array
(
)



### 22.12.2020 14:28:40
Array
(
)



### 22.12.2020 14:29:47
Array
(
)



### 22.12.2020 14:29:54
Array
(
    [name] => admin
)



### 22.12.2020 14:29:55
Array
(
    [name] => admin
)



### 22.12.2020 14:29:56
Array
(
)



### 22.12.2020 14:30:31
Array
(
    [name] => admin
)



### 22.12.2020 14:30:32
Array
(
)



### 22.12.2020 14:31:07
Array
(
)



### 22.12.2020 14:31:20
Array
(
)



### 22.12.2020 15:25:14
Array
(
    [gallery] => Array
        (
            [0] => Array
                (
                    [id] => 1
                    [name] => 01.jpg
                    [likes] => 0
                )

            [1] => Array
                (
                    [id] => 2
                    [name] => 02.jpg
                    [likes] => 0
                )

            [2] => Array
                (
                    [id] => 3
                    [name] => 03.jpg
                    [likes] => 0
                )

            [3] => Array
                (
                    [id] => 4
                    [name] => 04.jpg
                    [likes] => 4
                )

            [4] => Array
                (
                    [id] => 5
                    [name] => 05.jpg
                    [likes] => 0
                )

        )

)



### 22.12.2020 15:25:15
Array
(
    [gallery] => Array
        (
            [0] => Array
                (
                    [id] => 1
                    [name] => 01.jpg
                    [likes] => 0
                )

            [1] => Array
                (
                    [id] => 2
                    [name] => 02.jpg
                    [likes] => 0
                )

            [2] => Array
                (
                    [id] => 3
                    [name] => 03.jpg
                    [likes] => 0
                )

            [3] => Array
                (
                    [id] => 4
                    [name] => 04.jpg
                    [likes] => 4
                )

            [4] => Array
                (
                    [id] => 5
                    [name] => 05.jpg
                    [likes] => 0
                )

        )

)



### 22.12.2020 15:27:30
Array
(
    [gallery] => Array
        (
            [0] => Array
                (
                    [id] => 1
                    [name] => 01.jpg
                    [likes] => 0
                )

            [1] => Array
                (
                    [id] => 2
                    [name] => 02.jpg
                    [likes] => 0
                )

            [2] => Array
                (
                    [id] => 3
                    [name] => 03.jpg
                    [likes] => 0
                )

            [3] => Array
                (
                    [id] => 4
                    [name] => 04.jpg
                    [likes] => 4
                )

            [4] => Array
                (
                    [id] => 5
                    [name] => 05.jpg
                    [likes] => 0
                )

        )

)



### 22.12.2020 15:27:31
Array
(
    [gallery] => Array
        (
            [0] => Array
                (
                    [id] => 1
                    [name] => 01.jpg
                    [likes] => 0
                )

            [1] => Array
                (
                    [id] => 2
                    [name] => 02.jpg
                    [likes] => 0
                )

            [2] => Array
                (
                    [id] => 3
                    [name] => 03.jpg
                    [likes] => 0
                )

            [3] => Array
                (
                    [id] => 4
                    [name] => 04.jpg
                    [likes] => 4
                )

            [4] => Array
                (
                    [id] => 5
                    [name] => 05.jpg
                    [likes] => 0
                )

        )

)



### 22.12.2020 15:27:31
Array
(
    [gallery] => Array
        (
            [0] => Array
                (
                    [id] => 1
                    [name] => 01.jpg
                    [likes] => 0
                )

            [1] => Array
                (
                    [id] => 2
                    [name] => 02.jpg
                    [likes] => 0
                )

            [2] => Array
                (
                    [id] => 3
                    [name] => 03.jpg
                    [likes] => 0
                )

            [3] => Array
                (
                    [id] => 4
                    [name] => 04.jpg
                    [likes] => 4
                )

            [4] => Array
                (
                    [id] => 5
                    [name] => 05.jpg
                    [likes] => 0
                )

        )

)



### 22.12.2020 15:27:31
Array
(
    [gallery] => Array
        (
            [0] => Array
                (
                    [id] => 1
                    [name] => 01.jpg
                    [likes] => 0
                )

            [1] => Array
                (
                    [id] => 2
                    [name] => 02.jpg
                    [likes] => 0
                )

            [2] => Array
                (
                    [id] => 3
                    [name] => 03.jpg
                    [likes] => 0
                )

            [3] => Array
                (
                    [id] => 4
                    [name] => 04.jpg
                    [likes] => 4
                )

            [4] => Array
                (
                    [id] => 5
                    [name] => 05.jpg
                    [likes] => 0
                )

        )

)



### 22.12.2020 15:27:32
Array
(
    [gallery] => Array
        (
            [0] => Array
                (
                    [id] => 1
                    [name] => 01.jpg
                    [likes] => 0
                )

            [1] => Array
                (
                    [id] => 2
                    [name] => 02.jpg
                    [likes] => 0
                )

            [2] => Array
                (
                    [id] => 3
                    [name] => 03.jpg
                    [likes] => 0
                )

            [3] => Array
                (
                    [id] => 4
                    [name] => 04.jpg
                    [likes] => 4
                )

            [4] => Array
                (
                    [id] => 5
                    [name] => 05.jpg
                    [likes] => 0
                )

        )

)



### 22.12.2020 15:28:31
Array
(
    [gallery] => Array
        (
            [0] => Array
                (
                    [id] => 1
                    [name] => 01.jpg
                    [likes] => 0
                )

            [1] => Array
                (
                    [id] => 2
                    [name] => 02.jpg
                    [likes] => 0
                )

            [2] => Array
                (
                    [id] => 3
                    [name] => 03.jpg
                    [likes] => 0
                )

            [3] => Array
                (
                    [id] => 4
                    [name] => 04.jpg
                    [likes] => 4
                )

            [4] => Array
                (
                    [id] => 5
                    [name] => 05.jpg
                    [likes] => 0
                )

        )

)



### 22.12.2020 15:28:32
Array
(
    [gallery] => Array
        (
            [0] => Array
                (
                    [id] => 1
                    [name] => 01.jpg
                    [likes] => 0
                )

            [1] => Array
                (
                    [id] => 2
                    [name] => 02.jpg
                    [likes] => 0
                )

            [2] => Array
                (
                    [id] => 3
                    [name] => 03.jpg
                    [likes] => 0
                )

            [3] => Array
                (
                    [id] => 4
                    [name] => 04.jpg
                    [likes] => 4
                )

            [4] => Array
                (
                    [id] => 5
                    [name] => 05.jpg
                    [likes] => 0
                )

        )

)



### 22.12.2020 15:28:54
Array
(
)



### 22.12.2020 15:28:59
Array
(
    [gallery] => Array
        (
            [0] => Array
                (
                    [id] => 1
                    [name] => 01.jpg
                    [likes] => 0
                )

            [1] => Array
                (
                    [id] => 2
                    [name] => 02.jpg
                    [likes] => 0
                )

            [2] => Array
                (
                    [id] => 3
                    [name] => 03.jpg
                    [likes] => 0
                )

            [3] => Array
                (
                    [id] => 4
                    [name] => 04.jpg
                    [likes] => 4
                )

            [4] => Array
                (
                    [id] => 5
                    [name] => 05.jpg
                    [likes] => 0
                )

        )

)



### 22.12.2020 15:31:45
Array
(
    [gallery] => Array
        (
            [0] => Array
                (
                    [id] => 1
                    [name] => 01.jpg
                    [likes] => 0
                )

            [1] => Array
                (
                    [id] => 2
                    [name] => 02.jpg
                    [likes] => 0
                )

            [2] => Array
                (
                    [id] => 3
                    [name] => 03.jpg
                    [likes] => 0
                )

            [3] => Array
                (
                    [id] => 4
                    [name] => 04.jpg
                    [likes] => 4
                )

            [4] => Array
                (
                    [id] => 5
                    [name] => 05.jpg
                    [likes] => 0
                )

        )

)



### 22.12.2020 15:33:38
Array
(
    [gallery] => Array
        (
            [0] => Array
                (
                    [id] => 1
                    [name] => 01.jpg
                    [likes] => 0
                )

            [1] => Array
                (
                    [id] => 2
                    [name] => 02.jpg
                    [likes] => 0
                )

            [2] => Array
                (
                    [id] => 3
                    [name] => 03.jpg
                    [likes] => 0
                )

            [3] => Array
                (
                    [id] => 4
                    [name] => 04.jpg
                    [likes] => 4
                )

            [4] => Array
                (
                    [id] => 5
                    [name] => 05.jpg
                    [likes] => 0
                )

        )

)



### 22.12.2020 15:33:38
Array
(
    [gallery] => Array
        (
            [0] => Array
                (
                    [id] => 1
                    [name] => 01.jpg
                    [likes] => 0
                )

            [1] => Array
                (
                    [id] => 2
                    [name] => 02.jpg
                    [likes] => 0
                )

            [2] => Array
                (
                    [id] => 3
                    [name] => 03.jpg
                    [likes] => 0
                )

            [3] => Array
                (
                    [id] => 4
                    [name] => 04.jpg
                    [likes] => 4
                )

            [4] => Array
                (
                    [id] => 5
                    [name] => 05.jpg
                    [likes] => 0
                )

        )

)



### 22.12.2020 15:33:40
Array
(
    [news] => Array
        (
            [id] => 1
            [name] => 01.jpg
            [likes] => 0
        )

)



### 22.12.2020 15:34:29
Array
(
    [news] => Array
        (
            [id] => 1
            [name] => 01.jpg
            [likes] => 0
        )

)



### 22.12.2020 15:38:11
Array
(
    [news] => Array
        (
            [id] => 1
            [name] => 01.jpg
            [likes] => 0
        )

)



### 22.12.2020 15:39:35
Array
(
    [news] => Array
        (
            [id] => 1
            [name] => 01.jpg
            [likes] => 0
        )

)



### 22.12.2020 15:39:36
Array
(
    [news] => Array
        (
            [id] => 1
            [name] => 01.jpg
            [likes] => 0
        )

)



### 22.12.2020 15:39:36
Array
(
    [news] => Array
        (
            [id] => 1
            [name] => 01.jpg
            [likes] => 0
        )

)



### 22.12.2020 15:39:36
Array
(
    [news] => Array
        (
            [id] => 1
            [name] => 01.jpg
            [likes] => 0
        )

)



### 22.12.2020 15:40:02
Array
(
    [news] => Array
        (
            [id] => 1
            [name] => 01.jpg
            [likes] => 0
        )

)



### 22.12.2020 15:40:03
Array
(
    [news] => Array
        (
            [id] => 1
            [name] => 01.jpg
            [likes] => 0
        )

)



### 22.12.2020 15:40:13
Array
(
    [news] => Array
        (
            [id] => 1
            [name] => 01.jpg
            [likes] => 0
        )

)



### 22.12.2020 15:41:26
Array
(
    [news] => Array
        (
            [id] => 1
            [name] => 01.jpg
            [likes] => 0
        )

)



### 22.12.2020 15:41:39
Array
(
    [news] => Array
        (
            [id] => 1
            [name] => 01.jpg
            [likes] => 0
        )

)



### 22.12.2020 15:41:40
Array
(
    [news] => Array
        (
            [id] => 1
            [name] => 01.jpg
            [likes] => 0
        )

)



### 22.12.2020 15:44:56
Array
(
    [news] => Array
        (
            [id] => 1
            [name] => 01.jpg
            [likes] => 0
        )

)



### 22.12.2020 15:45:02
Array
(
    [news] => Array
        (
            [id] => 1
            [name] => 01.jpg
            [likes] => 0
        )

)



### 22.12.2020 15:45:08
Array
(
    [gallery] => Array
        (
            [0] => Array
                (
                    [id] => 1
                    [name] => 01.jpg
                    [likes] => 0
                )

            [1] => Array
                (
                    [id] => 2
                    [name] => 02.jpg
                    [likes] => 0
                )

            [2] => Array
                (
                    [id] => 3
                    [name] => 03.jpg
                    [likes] => 0
                )

            [3] => Array
                (
                    [id] => 4
                    [name] => 04.jpg
                    [likes] => 4
                )

            [4] => Array
                (
                    [id] => 5
                    [name] => 05.jpg
                    [likes] => 0
                )

        )

)



### 22.12.2020 15:45:12
Array
(
    [news] => Array
        (
            [id] => 1
            [name] => 01.jpg
            [likes] => 0
        )

)



### 22.12.2020 15:45:20
Array
(
    [news] => Array
        (
            [id] => 1
            [name] => 01.jpg
            [likes] => 0
        )

)



### 22.12.2020 15:45:21
Array
(
    [news] => Array
        (
            [id] => 1
            [name] => 01.jpg
            [likes] => 0
        )

)



### 22.12.2020 15:45:25
Array
(
    [news] => Array
        (
            [id] => 2
            [name] => 02.jpg
            [likes] => 0
        )

)



### 22.12.2020 15:45:29
Array
(
    [news] => Array
        (
            [id] => 3
            [name] => 03.jpg
            [likes] => 0
        )

)



### 22.12.2020 15:47:51
Array
(
    [image] => Array
        (
            [id] => 3
            [name] => 03.jpg
            [likes] => 0
        )

)



### 22.12.2020 15:47:52
Array
(
    [image] => 
)



### 22.12.2020 15:48:39
Array
(
    [image] => Array
        (
            [id] => 3
            [name] => 03.jpg
            [likes] => 0
        )

)



### 22.12.2020 15:49:59
Array
(
)



### 22.12.2020 15:50:07
Array
(
    [image] => Array
        (
            [id] => 4
            [name] => 04.jpg
            [likes] => 4
        )

)



### 22.12.2020 15:51:26
Array
(
    [gallery] => Array
        (
            [0] => Array
                (
                    [id] => 1
                    [name] => 01.jpg
                    [likes] => 0
                )

            [1] => Array
                (
                    [id] => 2
                    [name] => 02.jpg
                    [likes] => 0
                )

            [2] => Array
                (
                    [id] => 3
                    [name] => 03.jpg
                    [likes] => 0
                )

            [3] => Array
                (
                    [id] => 4
                    [name] => 04.jpg
                    [likes] => 4
                )

            [4] => Array
                (
                    [id] => 5
                    [name] => 05.jpg
                    [likes] => 0
                )

        )

)



### 22.12.2020 15:51:28
Array
(
    [name] => admin
)



### 22.12.2020 15:51:30
Array
(
    [gallery] => Array
        (
            [0] => Array
                (
                    [id] => 1
                    [name] => 01.jpg
                    [likes] => 0
                )

            [1] => Array
                (
                    [id] => 2
                    [name] => 02.jpg
                    [likes] => 0
                )

            [2] => Array
                (
                    [id] => 3
                    [name] => 03.jpg
                    [likes] => 0
                )

            [3] => Array
                (
                    [id] => 4
                    [name] => 04.jpg
                    [likes] => 4
                )

            [4] => Array
                (
                    [id] => 5
                    [name] => 05.jpg
                    [likes] => 0
                )

        )

)



### 22.12.2020 15:51:31
Array
(
    [catalog] => Array
        (
            [0] => Array
                (
                    [name] => Пицца
                    [price] => 24
                )

            [1] => Array
                (
                    [name] => Чай
                    [price] => 1
                )

            [2] => Array
                (
                    [name] => Яблоко
                    [price] => 12
                )

        )

)



### 22.12.2020 15:51:33
Array
(
    [name] => admin
)



### 22.12.2020 15:51:34
Array
(
    [gallery] => Array
        (
            [0] => Array
                (
                    [id] => 1
                    [name] => 01.jpg
                    [likes] => 0
                )

            [1] => Array
                (
                    [id] => 2
                    [name] => 02.jpg
                    [likes] => 0
                )

            [2] => Array
                (
                    [id] => 3
                    [name] => 03.jpg
                    [likes] => 0
                )

            [3] => Array
                (
                    [id] => 4
                    [name] => 04.jpg
                    [likes] => 4
                )

            [4] => Array
                (
                    [id] => 5
                    [name] => 05.jpg
                    [likes] => 0
                )

        )

)



### 22.12.2020 15:53:32
Array
(
    [gallery] => Array
        (
            [0] => Array
                (
                    [id] => 4
                    [name] => 04.jpg
                    [likes] => 4
                )

            [1] => Array
                (
                    [id] => 1
                    [name] => 01.jpg
                    [likes] => 0
                )

            [2] => Array
                (
                    [id] => 2
                    [name] => 02.jpg
                    [likes] => 0
                )

            [3] => Array
                (
                    [id] => 3
                    [name] => 03.jpg
                    [likes] => 0
                )

            [4] => Array
                (
                    [id] => 5
                    [name] => 05.jpg
                    [likes] => 0
                )

        )

)



### 22.12.2020 15:53:33
Array
(
    [gallery] => Array
        (
            [0] => Array
                (
                    [id] => 4
                    [name] => 04.jpg
                    [likes] => 4
                )

            [1] => Array
                (
                    [id] => 1
                    [name] => 01.jpg
                    [likes] => 0
                )

            [2] => Array
                (
                    [id] => 2
                    [name] => 02.jpg
                    [likes] => 0
                )

            [3] => Array
                (
                    [id] => 3
                    [name] => 03.jpg
                    [likes] => 0
                )

            [4] => Array
                (
                    [id] => 5
                    [name] => 05.jpg
                    [likes] => 0
                )

        )

)



### 22.12.2020 15:53:45
Array
(
    [gallery] => Array
        (
            [0] => Array
                (
                    [id] => 4
                    [name] => 04.jpg
                    [likes] => 4
                )

            [1] => Array
                (
                    [id] => 1
                    [name] => 01.jpg
                    [likes] => 0
                )

            [2] => Array
                (
                    [id] => 2
                    [name] => 02.jpg
                    [likes] => 0
                )

            [3] => Array
                (
                    [id] => 3
                    [name] => 03.jpg
                    [likes] => 0
                )

            [4] => Array
                (
                    [id] => 5
                    [name] => 05.jpg
                    [likes] => 0
                )

        )

)



